[17:32:29:444] [INFO] - leshan.standalone.LeshanStandalone.printfVersion(LeshanStandalone.java:195) - build time: 2020-04-08T10:35:01+0800
[17:32:29:458] [INFO] - leshan.standalone.LeshanStandalone.printfVersion(LeshanStandalone.java:196) - commit id: 3a75d0ae72a6cdfbb35f0275287ea47e73ba5011
[17:32:29:459] [INFO] - leshan.standalone.LeshanStandalone.printfVersion(LeshanStandalone.java:197) - build version: 1.0.0-ADV
[17:32:29:745] [INFO] - org.hibernate.Version.logVersion(Version.java:37) - HHH000412: Hibernate Core {5.1.0.Final}
[17:32:29:749] [INFO] - org.hibernate.cfg.Environment.<clinit>(Environment.java:213) - HHH000206: hibernate.properties not found
[17:32:29:753] [INFO] - org.hibernate.cfg.Environment.buildBytecodeProvider(Environment.java:317) - HHH000021: Bytecode provider name : javassist
[17:32:30:368] [INFO] - org.hibernate.annotations.common.reflection.java.JavaReflectionManager.<clinit>(JavaReflectionManager.java:66) - HCANN000001: Hibernate Commons Annotations {5.0.1.Final}
[17:32:30:577] [WARN] - org.hibernate.engine.jdbc.connections.internal.DriverManagerConnectionProviderImpl.configure(DriverManagerConnectionProviderImpl.java:71) - HHH10001002: Using Hibernate built-in connection pool (not for production use!)
[17:32:30:590] [INFO] - org.hibernate.engine.jdbc.connections.internal.DriverManagerConnectionProviderImpl.buildCreator(DriverManagerConnectionProviderImpl.java:127) - HHH10001005: using driver [org.postgresql.Driver] at URL [jdbc:postgresql://m2m-postgresSQL:5432/aimlink]
[17:32:30:591] [INFO] - org.hibernate.engine.jdbc.connections.internal.DriverManagerConnectionProviderImpl.buildCreator(DriverManagerConnectionProviderImpl.java:133) - HHH10001001: Connection properties: {user=postgres, password=postgres, release_mode=after_transaction}
[17:32:30:593] [INFO] - org.hibernate.engine.jdbc.connections.internal.DriverManagerConnectionProviderImpl.buildCreator(DriverManagerConnectionProviderImpl.java:141) - HHH10001003: Autocommit mode: false
[17:32:30:600] [INFO] - org.hibernate.engine.jdbc.connections.internal.PooledConnections.<init>(PooledConnections.java:39) - HHH000115: Hibernate connection pool size: 20 (min=1)
[17:32:35:094] [INFO] - leshan.standalone.LeshanStandalone.printfVersion(LeshanStandalone.java:195) - build time: 2020-04-08T10:35:01+0800
[17:32:35:109] [INFO] - leshan.standalone.LeshanStandalone.printfVersion(LeshanStandalone.java:196) - commit id: 3a75d0ae72a6cdfbb35f0275287ea47e73ba5011
[17:32:35:110] [INFO] - leshan.standalone.LeshanStandalone.printfVersion(LeshanStandalone.java:197) - build version: 1.0.0-ADV
[17:32:35:388] [INFO] - org.hibernate.Version.logVersion(Version.java:37) - HHH000412: Hibernate Core {5.1.0.Final}
[17:32:35:392] [INFO] - org.hibernate.cfg.Environment.<clinit>(Environment.java:213) - HHH000206: hibernate.properties not found
[17:32:35:396] [INFO] - org.hibernate.cfg.Environment.buildBytecodeProvider(Environment.java:317) - HHH000021: Bytecode provider name : javassist
[17:32:36:002] [INFO] - org.hibernate.annotations.common.reflection.java.JavaReflectionManager.<clinit>(JavaReflectionManager.java:66) - HCANN000001: Hibernate Commons Annotations {5.0.1.Final}
[17:32:36:200] [WARN] - org.hibernate.engine.jdbc.connections.internal.DriverManagerConnectionProviderImpl.configure(DriverManagerConnectionProviderImpl.java:71) - HHH10001002: Using Hibernate built-in connection pool (not for production use!)
[17:32:36:214] [INFO] - org.hibernate.engine.jdbc.connections.internal.DriverManagerConnectionProviderImpl.buildCreator(DriverManagerConnectionProviderImpl.java:127) - HHH10001005: using driver [org.postgresql.Driver] at URL [jdbc:postgresql://m2m-postgresSQL:5432/aimlink]
[17:32:36:216] [INFO] - org.hibernate.engine.jdbc.connections.internal.DriverManagerConnectionProviderImpl.buildCreator(DriverManagerConnectionProviderImpl.java:133) - HHH10001001: Connection properties: {user=postgres, password=postgres, release_mode=after_transaction}
[17:32:36:217] [INFO] - org.hibernate.engine.jdbc.connections.internal.DriverManagerConnectionProviderImpl.buildCreator(DriverManagerConnectionProviderImpl.java:141) - HHH10001003: Autocommit mode: false
[17:32:36:224] [INFO] - org.hibernate.engine.jdbc.connections.internal.PooledConnections.<init>(PooledConnections.java:39) - HHH000115: Hibernate connection pool size: 20 (min=1)
[17:32:36:580] [INFO] - org.hibernate.dialect.Dialect.<init>(Dialect.java:156) - HHH000400: Using dialect: org.hibernate.dialect.PostgreSQLDialect
[17:32:37:212] [INFO] - org.hibernate.engine.jdbc.env.internal.LobCreatorBuilderImpl.useContextualLobCreation(LobCreatorBuilderImpl.java:124) - HHH000424: Disabling contextual LOB creation as createClob() method threw error : java.lang.reflect.InvocationTargetException
[17:32:37:223] [INFO] - org.hibernate.type.BasicTypeRegistry.register(BasicTypeRegistry.java:138) - HHH000270: Type registration [java.util.UUID] overrides previous : org.hibernate.type.UUIDBinaryType@45312be2
[17:32:39:322] [INFO] - org.hibernate.validator.internal.util.Version.<clinit>(Version.java:27) - HV000001: Hibernate Validator 5.0.1.Final
[17:32:42:861] [INFO] - org.hibernate.tool.schema.extract.internal.InformationExtractorJdbcDatabaseMetaDataImpl.processGetTableResults(InformationExtractorJdbcDatabaseMetaDataImpl.java:365) - HHH000262: Table not found: aimclientdevice
[17:32:42:899] [INFO] - org.hibernate.tool.schema.extract.internal.InformationExtractorJdbcDatabaseMetaDataImpl.processGetTableResults(InformationExtractorJdbcDatabaseMetaDataImpl.java:365) - HHH000262: Table not found: aimdevice_deployfile_status
[17:32:42:931] [INFO] - org.hibernate.tool.schema.extract.internal.InformationExtractorJdbcDatabaseMetaDataImpl.processGetTableResults(InformationExtractorJdbcDatabaseMetaDataImpl.java:365) - HHH000262: Table not found: aimdevice_exec_status
[17:32:42:975] [INFO] - org.hibernate.tool.schema.extract.internal.InformationExtractorJdbcDatabaseMetaDataImpl.processGetTableResults(InformationExtractorJdbcDatabaseMetaDataImpl.java:365) - HHH000262: Table not found: aimdevice_extend_status
[17:32:43:009] [INFO] - org.hibernate.tool.schema.extract.internal.InformationExtractorJdbcDatabaseMetaDataImpl.processGetTableResults(InformationExtractorJdbcDatabaseMetaDataImpl.java:365) - HHH000262: Table not found: aimdevice_install_status
[17:32:43:042] [INFO] - org.hibernate.tool.schema.extract.internal.InformationExtractorJdbcDatabaseMetaDataImpl.processGetTableResults(InformationExtractorJdbcDatabaseMetaDataImpl.java:365) - HHH000262: Table not found: aimdevice_upgrade_status
[17:32:43:075] [INFO] - org.hibernate.tool.schema.extract.internal.InformationExtractorJdbcDatabaseMetaDataImpl.processGetTableResults(InformationExtractorJdbcDatabaseMetaDataImpl.java:365) - HHH000262: Table not found: aimdevicegroup
[17:32:43:106] [INFO] - org.hibernate.tool.schema.extract.internal.InformationExtractorJdbcDatabaseMetaDataImpl.processGetTableResults(InformationExtractorJdbcDatabaseMetaDataImpl.java:365) - HHH000262: Table not found: aimeventmsg
[17:32:43:137] [INFO] - org.hibernate.tool.schema.extract.internal.InformationExtractorJdbcDatabaseMetaDataImpl.processGetTableResults(InformationExtractorJdbcDatabaseMetaDataImpl.java:365) - HHH000262: Table not found: aimsolutionapp
[17:32:43:170] [INFO] - org.hibernate.tool.schema.extract.internal.InformationExtractorJdbcDatabaseMetaDataImpl.processGetTableResults(InformationExtractorJdbcDatabaseMetaDataImpl.java:365) - HHH000262: Table not found: aimuser
[17:32:43:207] [INFO] - org.hibernate.tool.schema.extract.internal.InformationExtractorJdbcDatabaseMetaDataImpl.processGetTableResults(InformationExtractorJdbcDatabaseMetaDataImpl.java:365) - HHH000262: Table not found: aimworkorder
[17:32:43:244] [INFO] - org.hibernate.tool.schema.extract.internal.InformationExtractorJdbcDatabaseMetaDataImpl.processGetTableResults(InformationExtractorJdbcDatabaseMetaDataImpl.java:365) - HHH000262: Table not found: aimworkorder_item
[17:32:43:278] [INFO] - org.hibernate.tool.schema.extract.internal.InformationExtractorJdbcDatabaseMetaDataImpl.processGetTableResults(InformationExtractorJdbcDatabaseMetaDataImpl.java:365) - HHH000262: Table not found: aimworkorder_status
[17:32:43:687] [INFO] - org.hibernate.tool.schema.extract.internal.InformationExtractorJdbcDatabaseMetaDataImpl.processGetTableResults(InformationExtractorJdbcDatabaseMetaDataImpl.java:365) - HHH000262: Table not found: device_group_relationship
[17:32:43:693] [INFO] - org.hibernate.tool.schema.extract.internal.InformationExtractorJdbcDatabaseMetaDataImpl.processGetTableResults(InformationExtractorJdbcDatabaseMetaDataImpl.java:365) - HHH000262: Table not found: device_group_relationship
[17:32:44:291] [INFO] - org.hibernate.hql.internal.QueryTranslatorFactoryInitiator.initiateService(QueryTranslatorFactoryInitiator.java:47) - HHH000397: Using ASTQueryTranslatorFactory
[17:32:44:566] [WARN] - org.hibernate.hql.internal.ast.HqlSqlWalker.generatePositionalParameter(HqlSqlWalker.java:1063) - [DEPRECATION] Encountered positional parameter near line 1, column 67 in HQL: [select d from com.advantech.mdm.dbmger.entity.User d where d.name=?].  Positional parameter are considered deprecated; use named parameters or JPA-style positional parameters instead.
[17:32:45:235] [INFO] - leshan.standalone.LeshanStandalone.initDB(LeshanStandalone.java:184) - initDB Finished
[17:32:45:283] [INFO] - leshan.standalone.LeshanStandalone.verifyLicense(LeshanStandalone.java:240) - authCode=null
[17:32:45:284] [INFO] - leshan.standalone.LeshanStandalone.startMQTTServer(LeshanStandalone.java:132) - authcode verify fail!
[17:32:45:285] [INFO] - leshan.standalone.LeshanStandalone.startMQTTServer(LeshanStandalone.java:144) - no license found!
[17:32:45:368] [INFO] - com.ibm.mqttv3.binding.MQTTWrapper.add(MQTTWrapper.java:164) - adding resource rd under root
[17:32:45:374] [INFO] - com.ibm.mqttv3.binding.MQTTWrapper.add(MQTTWrapper.java:164) - adding resource dpstus under root
[17:32:45:389] [INFO] - com.ibm.mqttv3.binding.MQTTWrapper.add(MQTTWrapper.java:164) - adding resource report under root
[17:32:45:391] [INFO] - com.ibm.mqttv3.binding.MQTTWrapper.add(MQTTWrapper.java:164) - adding resource hb under root
[17:32:45:393] [INFO] - leshan.server.mqtt.LeshanServer.<init>(LeshanServer.java:1290) - hbMaintainMapLength=0
[17:32:45:428] [WARN] - org.hibernate.hql.internal.ast.HqlSqlWalker.generatePositionalParameter(HqlSqlWalker.java:1063) - [DEPRECATION] Encountered positional parameter near line 1, column 79 in HQL: [select d from com.advantech.mdm.dbmger.entity.ClientDevice d where d.isOnline=? order by d.registrationDate desc].  Positional parameter are considered deprecated; use named parameters or JPA-style positional parameters instead.
[17:32:45:472] [INFO] - leshan.server.mqtt.LeshanServer.<init>(LeshanServer.java:1355) - APP_INST_THREADS=50
[17:32:45:472] [INFO] - leshan.server.mqtt.LeshanServer.<init>(LeshanServer.java:1356) - BSP_INST_THREADS=30
[17:32:45:473] [INFO] - leshan.server.mqtt.LeshanServer.<init>(LeshanServer.java:1357) - WD_INST_THREADS=50
[17:32:45:473] [INFO] - leshan.server.mqtt.LeshanServer.<init>(LeshanServer.java:1358) - WD_INST_QUEUE=3000
[17:32:45:473] [INFO] - leshan.server.mqtt.LeshanServer.<init>(LeshanServer.java:1359) - APP_INST_QUEUE=3000
[17:32:45:474] [INFO] - leshan.server.mqtt.LeshanServer.<init>(LeshanServer.java:1360) - BSP_INST_QUEUE=3000
[17:32:45:474] [INFO] - leshan.server.mqtt.LeshanServer.<init>(LeshanServer.java:1361) - EXEC_INST_THREADS=50
[17:32:45:475] [INFO] - leshan.server.mqtt.LeshanServer.<init>(LeshanServer.java:1362) - EXEC_INST_QUEUE=5000
[17:32:45:476] [INFO] - leshan.server.mqtt.LeshanServer.<init>(LeshanServer.java:1363) - FILE_INST_THREADS=50
[17:32:45:476] [INFO] - leshan.server.mqtt.LeshanServer.<init>(LeshanServer.java:1364) - FILE_INST_QUEUE=3000
[17:32:45:477] [INFO] - leshan.server.mqtt.LeshanServer.<init>(LeshanServer.java:1365) - SOLUTION_APP_THREADS=30
[17:32:45:477] [INFO] - leshan.server.mqtt.LeshanServer.<init>(LeshanServer.java:1366) - SOLUTION_APP_QUEUE=3000
[17:32:45:478] [INFO] - leshan.server.mqtt.LeshanServer.start(LeshanServer.java:1409) - path = /root/adv/models
[17:32:47:170] [INFO] - com.ibm.mqttv3.binding.MQTTWrapper.start(MQTTWrapper.java:66) - jinxin:jinxin
[17:32:47:183] [INFO] - com.ibm.mqttv3.binding.MQTTWrapper.start(MQTTWrapper.java:76) - Connecting endpoint 56783 to broker: tcp://m2m_mosquitto:1883
[17:32:47:615] [INFO] - com.ibm.mqttv3.binding.MQTTWrapper.start(MQTTWrapper.java:78) - Connected
[17:32:47:619] [INFO] - com.ibm.mqttv3.binding.MQTTWrapper.subscribe(MQTTWrapper.java:115) - Subscribe to :: LWM/+/+/56783/leshan-server/#
[17:32:47:637] [INFO] - leshan.server.mqtt.LeshanServer.start(LeshanServer.java:1436) - LW-M2M server started
[17:32:47:689] [INFO] - leshan.standalone.LeshanStandalone.startJettyServer(LeshanStandalone.java:299) - appType is /root/adv/androidDM
[17:32:47:722] [INFO] - org.eclipse.jetty.util.log.Log.initialized(Log.java:180) - Logging initialized @14750ms
[17:32:48:727] [INFO] - org.eclipse.jetty.server.Server.doStart(Server.java:301) - jetty-9.1.z-SNAPSHOT
[17:32:48:984] [INFO] - org.eclipse.jetty.webapp.StandardDescriptorProcessor.visitServlet(StandardDescriptorProcessor.java:296) - NO JSP Support for /, did not find org.apache.jasper.servlet.JspServlet
[17:32:49:117] [INFO] - org.eclipse.jetty.server.handler.ContextHandler.doStart(ContextHandler.java:747) - Started o.e.j.w.WebAppContext@23382f76{/,file:/root/adv/androidDM/,AVAILABLE}
[17:32:49:162] [INFO] - org.eclipse.jetty.server.AbstractConnector.doStart(AbstractConnector.java:266) - Started ServerConnector@62891fc8{HTTP/1.1}{0.0.0.0:8080}
[17:32:49:167] [INFO] - org.eclipse.jetty.server.Server.doStart(Server.java:350) - Started @16212ms
[17:34:25:293] [WARN] - org.hibernate.hql.internal.ast.HqlSqlWalker.generatePositionalParameter(HqlSqlWalker.java:1063) - [DEPRECATION] Encountered positional parameter near line 1, column 89 in HQL: [select count(*) from com.advantech.mdm.dbmger.entity.ClientDevice as d where d.isOnline=?].  Positional parameter are considered deprecated; use named parameters or JPA-style positional parameters instead.
[17:34:25:390] [INFO] - org.eclipse.leshan.standalone.servlet.ConfigServlet.get_1_getQRCodeData(ConfigServlet.java:71) - ip:127.0.0.1
[17:34:25:438] [INFO] - org.eclipse.leshan.standalone.utils.RASUtil.encrypt(RASUtil.java:27) - encryotJson:{"services":[{"name":"mqtt","ip":"127.0.0.1"}]}
[17:34:53:505] [INFO] - org.eclipse.leshan.standalone.servlet.ConfigServlet.get_1_getQRCodeData(ConfigServlet.java:71) - ip:172.21.73.88
[17:34:53:524] [INFO] - org.eclipse.leshan.standalone.utils.RASUtil.encrypt(RASUtil.java:27) - encryotJson:{"services":[{"name":"mqtt","ip":"172.21.73.88"}]}
[17:35:03:926] [INFO] - org.eclipse.leshan.standalone.servlet.ConfigServlet.get_1_getQRCodeData(ConfigServlet.java:71) - ip:172.21.73.88
[17:35:03:932] [INFO] - org.eclipse.leshan.standalone.utils.RASUtil.encrypt(RASUtil.java:27) - encryotJson:{"services":[{"name":"mqtt","ip":"172.21.73.88"}]}
[17:35:08:060] [INFO] - org.eclipse.leshan.standalone.servlet.ConfigServlet.get_1_getQRCodeData(ConfigServlet.java:71) - ip:127.0.0.1
[17:35:08:062] [INFO] - org.eclipse.leshan.standalone.utils.RASUtil.encrypt(RASUtil.java:27) - encryotJson:{"services":[{"name":"mqtt","ip":"127.0.0.1"}]}
[17:35:12:220] [INFO] - org.eclipse.leshan.standalone.servlet.ConfigServlet.get_1_getQRCodeData(ConfigServlet.java:71) - ip:172.21.73.88
[17:35:12:222] [INFO] - org.eclipse.leshan.standalone.utils.RASUtil.encrypt(RASUtil.java:27) - encryotJson:{"services":[{"name":"mqtt","ip":"172.21.73.88"}]}
[17:35:12:536] [INFO] - org.eclipse.leshan.standalone.servlet.ConfigServlet.get_1_getQRCodeData(ConfigServlet.java:71) - ip:172.21.73.88
[17:35:12:542] [INFO] - org.eclipse.leshan.standalone.utils.RASUtil.encrypt(RASUtil.java:27) - encryotJson:{"services":[{"name":"mqtt","ip":"172.21.73.88"}]}
[17:35:16:753] [INFO] - org.eclipse.leshan.standalone.servlet.ConfigServlet.get_1_getQRCodeData(ConfigServlet.java:71) - ip:172.21.73.88
[17:35:16:765] [INFO] - org.eclipse.leshan.standalone.utils.RASUtil.encrypt(RASUtil.java:27) - encryotJson:{"services":[{"name":"mqtt","ip":"172.21.73.88"}]}
[17:35:16:789] [INFO] - org.eclipse.leshan.standalone.servlet.ConfigServlet.get_1_getQRCodeData(ConfigServlet.java:71) - ip:172.21.73.88
[17:35:16:792] [INFO] - org.eclipse.leshan.standalone.utils.RASUtil.encrypt(RASUtil.java:27) - encryotJson:{"services":[{"name":"mqtt","ip":"172.21.73.88"}]}
[17:55:46:700] [INFO] - leshan.standalone.LeshanStandalone.printfVersion(LeshanStandalone.java:195) - build time: 2020-04-08T10:35:01+0800
[17:55:46:716] [INFO] - leshan.standalone.LeshanStandalone.printfVersion(LeshanStandalone.java:196) - commit id: 3a75d0ae72a6cdfbb35f0275287ea47e73ba5011
[17:55:46:717] [INFO] - leshan.standalone.LeshanStandalone.printfVersion(LeshanStandalone.java:197) - build version: 1.0.0-ADV
[17:55:47:040] [INFO] - org.hibernate.Version.logVersion(Version.java:37) - HHH000412: Hibernate Core {5.1.0.Final}
[17:55:47:043] [INFO] - org.hibernate.cfg.Environment.<clinit>(Environment.java:213) - HHH000206: hibernate.properties not found
[17:55:47:047] [INFO] - org.hibernate.cfg.Environment.buildBytecodeProvider(Environment.java:317) - HHH000021: Bytecode provider name : javassist
[17:55:47:659] [INFO] - org.hibernate.annotations.common.reflection.java.JavaReflectionManager.<clinit>(JavaReflectionManager.java:66) - HCANN000001: Hibernate Commons Annotations {5.0.1.Final}
[17:55:47:852] [WARN] - org.hibernate.engine.jdbc.connections.internal.DriverManagerConnectionProviderImpl.configure(DriverManagerConnectionProviderImpl.java:71) - HHH10001002: Using Hibernate built-in connection pool (not for production use!)
[17:55:47:866] [INFO] - org.hibernate.engine.jdbc.connections.internal.DriverManagerConnectionProviderImpl.buildCreator(DriverManagerConnectionProviderImpl.java:127) - HHH10001005: using driver [org.postgresql.Driver] at URL [jdbc:postgresql://m2m-postgresSQL:5432/aimlink]
[17:55:47:867] [INFO] - org.hibernate.engine.jdbc.connections.internal.DriverManagerConnectionProviderImpl.buildCreator(DriverManagerConnectionProviderImpl.java:133) - HHH10001001: Connection properties: {user=postgres, password=postgres, release_mode=after_transaction}
[17:55:47:868] [INFO] - org.hibernate.engine.jdbc.connections.internal.DriverManagerConnectionProviderImpl.buildCreator(DriverManagerConnectionProviderImpl.java:141) - HHH10001003: Autocommit mode: false
[17:55:47:875] [INFO] - org.hibernate.engine.jdbc.connections.internal.PooledConnections.<init>(PooledConnections.java:39) - HHH000115: Hibernate connection pool size: 20 (min=1)
[17:55:52:589] [INFO] - leshan.standalone.LeshanStandalone.printfVersion(LeshanStandalone.java:195) - build time: 2020-04-08T10:35:01+0800
[17:55:52:603] [INFO] - leshan.standalone.LeshanStandalone.printfVersion(LeshanStandalone.java:196) - commit id: 3a75d0ae72a6cdfbb35f0275287ea47e73ba5011
[17:55:52:604] [INFO] - leshan.standalone.LeshanStandalone.printfVersion(LeshanStandalone.java:197) - build version: 1.0.0-ADV
[17:55:52:888] [INFO] - org.hibernate.Version.logVersion(Version.java:37) - HHH000412: Hibernate Core {5.1.0.Final}
[17:55:52:891] [INFO] - org.hibernate.cfg.Environment.<clinit>(Environment.java:213) - HHH000206: hibernate.properties not found
[17:55:52:896] [INFO] - org.hibernate.cfg.Environment.buildBytecodeProvider(Environment.java:317) - HHH000021: Bytecode provider name : javassist
[17:55:53:489] [INFO] - org.hibernate.annotations.common.reflection.java.JavaReflectionManager.<clinit>(JavaReflectionManager.java:66) - HCANN000001: Hibernate Commons Annotations {5.0.1.Final}
[17:55:53:687] [WARN] - org.hibernate.engine.jdbc.connections.internal.DriverManagerConnectionProviderImpl.configure(DriverManagerConnectionProviderImpl.java:71) - HHH10001002: Using Hibernate built-in connection pool (not for production use!)
[17:55:53:701] [INFO] - org.hibernate.engine.jdbc.connections.internal.DriverManagerConnectionProviderImpl.buildCreator(DriverManagerConnectionProviderImpl.java:127) - HHH10001005: using driver [org.postgresql.Driver] at URL [jdbc:postgresql://m2m-postgresSQL:5432/aimlink]
[17:55:53:702] [INFO] - org.hibernate.engine.jdbc.connections.internal.DriverManagerConnectionProviderImpl.buildCreator(DriverManagerConnectionProviderImpl.java:133) - HHH10001001: Connection properties: {user=postgres, password=postgres, release_mode=after_transaction}
[17:55:53:703] [INFO] - org.hibernate.engine.jdbc.connections.internal.DriverManagerConnectionProviderImpl.buildCreator(DriverManagerConnectionProviderImpl.java:141) - HHH10001003: Autocommit mode: false
[17:55:53:710] [INFO] - org.hibernate.engine.jdbc.connections.internal.PooledConnections.<init>(PooledConnections.java:39) - HHH000115: Hibernate connection pool size: 20 (min=1)
[17:55:54:053] [INFO] - org.hibernate.dialect.Dialect.<init>(Dialect.java:156) - HHH000400: Using dialect: org.hibernate.dialect.PostgreSQLDialect
[17:55:54:639] [INFO] - org.hibernate.engine.jdbc.env.internal.LobCreatorBuilderImpl.useContextualLobCreation(LobCreatorBuilderImpl.java:124) - HHH000424: Disabling contextual LOB creation as createClob() method threw error : java.lang.reflect.InvocationTargetException
[17:55:54:645] [INFO] - org.hibernate.type.BasicTypeRegistry.register(BasicTypeRegistry.java:138) - HHH000270: Type registration [java.util.UUID] overrides previous : org.hibernate.type.UUIDBinaryType@45312be2
[17:55:56:271] [INFO] - org.hibernate.validator.internal.util.Version.<clinit>(Version.java:27) - HV000001: Hibernate Validator 5.0.1.Final
[17:55:59:538] [INFO] - org.hibernate.tool.schema.extract.internal.InformationExtractorJdbcDatabaseMetaDataImpl.processGetTableResults(InformationExtractorJdbcDatabaseMetaDataImpl.java:365) - HHH000262: Table not found: aimclientdevice
[17:55:59:583] [INFO] - org.hibernate.tool.schema.extract.internal.InformationExtractorJdbcDatabaseMetaDataImpl.processGetTableResults(InformationExtractorJdbcDatabaseMetaDataImpl.java:365) - HHH000262: Table not found: aimdevice_deployfile_status
[17:55:59:617] [INFO] - org.hibernate.tool.schema.extract.internal.InformationExtractorJdbcDatabaseMetaDataImpl.processGetTableResults(InformationExtractorJdbcDatabaseMetaDataImpl.java:365) - HHH000262: Table not found: aimdevice_exec_status
[17:55:59:649] [INFO] - org.hibernate.tool.schema.extract.internal.InformationExtractorJdbcDatabaseMetaDataImpl.processGetTableResults(InformationExtractorJdbcDatabaseMetaDataImpl.java:365) - HHH000262: Table not found: aimdevice_extend_status
[17:55:59:684] [INFO] - org.hibernate.tool.schema.extract.internal.InformationExtractorJdbcDatabaseMetaDataImpl.processGetTableResults(InformationExtractorJdbcDatabaseMetaDataImpl.java:365) - HHH000262: Table not found: aimdevice_install_status
[17:55:59:717] [INFO] - org.hibernate.tool.schema.extract.internal.InformationExtractorJdbcDatabaseMetaDataImpl.processGetTableResults(InformationExtractorJdbcDatabaseMetaDataImpl.java:365) - HHH000262: Table not found: aimdevice_upgrade_status
[17:55:59:755] [INFO] - org.hibernate.tool.schema.extract.internal.InformationExtractorJdbcDatabaseMetaDataImpl.processGetTableResults(InformationExtractorJdbcDatabaseMetaDataImpl.java:365) - HHH000262: Table not found: aimdevicegroup
[17:55:59:788] [INFO] - org.hibernate.tool.schema.extract.internal.InformationExtractorJdbcDatabaseMetaDataImpl.processGetTableResults(InformationExtractorJdbcDatabaseMetaDataImpl.java:365) - HHH000262: Table not found: aimeventmsg
[17:55:59:821] [INFO] - org.hibernate.tool.schema.extract.internal.InformationExtractorJdbcDatabaseMetaDataImpl.processGetTableResults(InformationExtractorJdbcDatabaseMetaDataImpl.java:365) - HHH000262: Table not found: aimsolutionapp
[17:55:59:863] [INFO] - org.hibernate.tool.schema.extract.internal.InformationExtractorJdbcDatabaseMetaDataImpl.processGetTableResults(InformationExtractorJdbcDatabaseMetaDataImpl.java:365) - HHH000262: Table not found: aimuser
[17:55:59:896] [INFO] - org.hibernate.tool.schema.extract.internal.InformationExtractorJdbcDatabaseMetaDataImpl.processGetTableResults(InformationExtractorJdbcDatabaseMetaDataImpl.java:365) - HHH000262: Table not found: aimworkorder
[17:55:59:929] [INFO] - org.hibernate.tool.schema.extract.internal.InformationExtractorJdbcDatabaseMetaDataImpl.processGetTableResults(InformationExtractorJdbcDatabaseMetaDataImpl.java:365) - HHH000262: Table not found: aimworkorder_item
[17:55:59:961] [INFO] - org.hibernate.tool.schema.extract.internal.InformationExtractorJdbcDatabaseMetaDataImpl.processGetTableResults(InformationExtractorJdbcDatabaseMetaDataImpl.java:365) - HHH000262: Table not found: aimworkorder_status
[17:56:00:356] [INFO] - org.hibernate.tool.schema.extract.internal.InformationExtractorJdbcDatabaseMetaDataImpl.processGetTableResults(InformationExtractorJdbcDatabaseMetaDataImpl.java:365) - HHH000262: Table not found: device_group_relationship
[17:56:00:362] [INFO] - org.hibernate.tool.schema.extract.internal.InformationExtractorJdbcDatabaseMetaDataImpl.processGetTableResults(InformationExtractorJdbcDatabaseMetaDataImpl.java:365) - HHH000262: Table not found: device_group_relationship
[17:56:00:963] [INFO] - org.hibernate.hql.internal.QueryTranslatorFactoryInitiator.initiateService(QueryTranslatorFactoryInitiator.java:47) - HHH000397: Using ASTQueryTranslatorFactory
[17:56:01:216] [WARN] - org.hibernate.hql.internal.ast.HqlSqlWalker.generatePositionalParameter(HqlSqlWalker.java:1063) - [DEPRECATION] Encountered positional parameter near line 1, column 67 in HQL: [select d from com.advantech.mdm.dbmger.entity.User d where d.name=?].  Positional parameter are considered deprecated; use named parameters or JPA-style positional parameters instead.
[17:56:01:781] [INFO] - leshan.standalone.LeshanStandalone.initDB(LeshanStandalone.java:184) - initDB Finished
[17:56:01:816] [INFO] - leshan.standalone.LeshanStandalone.verifyLicense(LeshanStandalone.java:240) - authCode=null
[17:56:01:817] [INFO] - leshan.standalone.LeshanStandalone.startMQTTServer(LeshanStandalone.java:132) - authcode verify fail!
[17:56:01:818] [INFO] - leshan.standalone.LeshanStandalone.startMQTTServer(LeshanStandalone.java:144) - no license found!
[17:56:01:883] [INFO] - com.ibm.mqttv3.binding.MQTTWrapper.add(MQTTWrapper.java:164) - adding resource rd under root
[17:56:01:893] [INFO] - com.ibm.mqttv3.binding.MQTTWrapper.add(MQTTWrapper.java:164) - adding resource dpstus under root
[17:56:01:902] [INFO] - com.ibm.mqttv3.binding.MQTTWrapper.add(MQTTWrapper.java:164) - adding resource report under root
[17:56:01:904] [INFO] - com.ibm.mqttv3.binding.MQTTWrapper.add(MQTTWrapper.java:164) - adding resource hb under root
[17:56:01:913] [INFO] - leshan.server.mqtt.LeshanServer.<init>(LeshanServer.java:1290) - hbMaintainMapLength=0
[17:56:01:965] [WARN] - org.hibernate.hql.internal.ast.HqlSqlWalker.generatePositionalParameter(HqlSqlWalker.java:1063) - [DEPRECATION] Encountered positional parameter near line 1, column 79 in HQL: [select d from com.advantech.mdm.dbmger.entity.ClientDevice d where d.isOnline=? order by d.registrationDate desc].  Positional parameter are considered deprecated; use named parameters or JPA-style positional parameters instead.
[17:56:01:999] [INFO] - leshan.server.mqtt.LeshanServer.<init>(LeshanServer.java:1355) - APP_INST_THREADS=50
[17:56:02:000] [INFO] - leshan.server.mqtt.LeshanServer.<init>(LeshanServer.java:1356) - BSP_INST_THREADS=30
[17:56:02:001] [INFO] - leshan.server.mqtt.LeshanServer.<init>(LeshanServer.java:1357) - WD_INST_THREADS=50
[17:56:02:002] [INFO] - leshan.server.mqtt.LeshanServer.<init>(LeshanServer.java:1358) - WD_INST_QUEUE=3000
[17:56:02:002] [INFO] - leshan.server.mqtt.LeshanServer.<init>(LeshanServer.java:1359) - APP_INST_QUEUE=3000
[17:56:02:015] [INFO] - leshan.server.mqtt.LeshanServer.<init>(LeshanServer.java:1360) - BSP_INST_QUEUE=3000
[17:56:02:016] [INFO] - leshan.server.mqtt.LeshanServer.<init>(LeshanServer.java:1361) - EXEC_INST_THREADS=50
[17:56:02:016] [INFO] - leshan.server.mqtt.LeshanServer.<init>(LeshanServer.java:1362) - EXEC_INST_QUEUE=5000
[17:56:02:017] [INFO] - leshan.server.mqtt.LeshanServer.<init>(LeshanServer.java:1363) - FILE_INST_THREADS=50
[17:56:02:017] [INFO] - leshan.server.mqtt.LeshanServer.<init>(LeshanServer.java:1364) - FILE_INST_QUEUE=3000
[17:56:02:018] [INFO] - leshan.server.mqtt.LeshanServer.<init>(LeshanServer.java:1365) - SOLUTION_APP_THREADS=30
[17:56:02:018] [INFO] - leshan.server.mqtt.LeshanServer.<init>(LeshanServer.java:1366) - SOLUTION_APP_QUEUE=3000
[17:56:02:019] [INFO] - leshan.server.mqtt.LeshanServer.start(LeshanServer.java:1409) - path = /root/adv/models
[17:56:03:683] [INFO] - com.ibm.mqttv3.binding.MQTTWrapper.start(MQTTWrapper.java:66) - jinxin:jinxin
[17:56:03:684] [INFO] - com.ibm.mqttv3.binding.MQTTWrapper.start(MQTTWrapper.java:76) - Connecting endpoint 56783 to broker: tcp://m2m_mosquitto:1883
[17:56:04:061] [INFO] - com.ibm.mqttv3.binding.MQTTWrapper.start(MQTTWrapper.java:78) - Connected
[17:56:04:065] [INFO] - com.ibm.mqttv3.binding.MQTTWrapper.subscribe(MQTTWrapper.java:115) - Subscribe to :: LWM/+/+/56783/leshan-server/#
[17:56:04:081] [INFO] - leshan.server.mqtt.LeshanServer.start(LeshanServer.java:1436) - LW-M2M server started
[17:56:04:127] [INFO] - leshan.standalone.LeshanStandalone.startJettyServer(LeshanStandalone.java:299) - appType is /root/adv/androidDM
[17:56:04:149] [INFO] - org.eclipse.jetty.util.log.Log.initialized(Log.java:180) - Logging initialized @13662ms
[17:56:05:511] [INFO] - org.eclipse.jetty.server.Server.doStart(Server.java:301) - jetty-9.1.z-SNAPSHOT
[17:56:05:839] [INFO] - org.eclipse.jetty.webapp.StandardDescriptorProcessor.visitServlet(StandardDescriptorProcessor.java:296) - NO JSP Support for /, did not find org.apache.jasper.servlet.JspServlet
[17:56:06:004] [INFO] - org.eclipse.jetty.server.handler.ContextHandler.doStart(ContextHandler.java:747) - Started o.e.j.w.WebAppContext@23382f76{/,file:/root/adv/androidDM/,AVAILABLE}
[17:56:06:083] [INFO] - org.eclipse.jetty.server.AbstractConnector.doStart(AbstractConnector.java:266) - Started ServerConnector@62891fc8{HTTP/1.1}{0.0.0.0:8080}
[17:56:06:085] [INFO] - org.eclipse.jetty.server.Server.doStart(Server.java:350) - Started @15607ms
[17:59:42:976] [WARN] - org.hibernate.hql.internal.ast.HqlSqlWalker.generatePositionalParameter(HqlSqlWalker.java:1063) - [DEPRECATION] Encountered positional parameter near line 1, column 89 in HQL: [select count(*) from com.advantech.mdm.dbmger.entity.ClientDevice as d where d.isOnline=?].  Positional parameter are considered deprecated; use named parameters or JPA-style positional parameters instead.
[17:59:43:041] [INFO] - org.eclipse.leshan.standalone.servlet.ConfigServlet.get_1_getQRCodeData(ConfigServlet.java:71) - ip:127.0.0.1
[17:59:43:058] [INFO] - org.eclipse.leshan.standalone.utils.RASUtil.encrypt(RASUtil.java:27) - encryotJson:{"services":[{"name":"mqtt","ip":"127.0.0.1"}]}
[17:59:46:143] [INFO] - org.eclipse.leshan.standalone.servlet.ConfigServlet.get_1_getQRCodeData(ConfigServlet.java:71) - ip:127.0.0.1
[17:59:46:144] [INFO] - org.eclipse.leshan.standalone.utils.RASUtil.encrypt(RASUtil.java:27) - encryotJson:{"services":[{"name":"mqtt","ip":"127.0.0.1"}]}
[18:00:04:776] [INFO] - org.eclipse.leshan.standalone.servlet.ConfigServlet.get_1_getQRCodeData(ConfigServlet.java:71) - ip:172.21.73.88
[18:00:04:780] [INFO] - org.eclipse.leshan.standalone.utils.RASUtil.encrypt(RASUtil.java:27) - encryotJson:{"services":[{"name":"mqtt","ip":"172.21.73.88"}]}
[18:00:04:793] [INFO] - org.eclipse.leshan.standalone.servlet.ConfigServlet.get_1_getQRCodeData(ConfigServlet.java:71) - ip:172.21.73.88
[18:00:04:803] [INFO] - org.eclipse.leshan.standalone.utils.RASUtil.encrypt(RASUtil.java:27) - encryotJson:{"services":[{"name":"mqtt","ip":"172.21.73.88"}]}
